<?xml version="1.0" encoding="UTF-8"?>
<!-- Generated by org.testng.reporters.JUnitReportReporter -->
<testsuite skipped="0" hostname="OP-L-054" name="pl.test.LogowanieTest" tests="1" failures="0" timestamp="24 maj 2018 13:12:40 GMT" time="0.207" errors="0">
  <testcase name="logowanie" time="0.207" classname="pl.test.LogowanieTest"/>
</testsuite> <!-- pl.test.LogowanieTest -->
